<?xml version="1.0" encoding="UTF-8"?>
<testsuite xmlns:xsi="http://www.w3.org/2001/XMLSchema-instance" xsi:noNamespaceSchemaLocation="https://maven.apache.org/surefire/maven-surefire-plugin/xsd/surefire-test-report.xsd" name="org.cmdbuild.utils.lang.CmKeyUtilsTest" time="0.002" tests="1" errors="0" skipped="0" failures="0">
  <properties>
    <property name="cmdbuild.test.database.admin.password" value=""/>
    <property name="java.specification.version" value="17"/>
    <property name="sun.cpu.isalist" value="amd64"/>
    <property name="sun.jnu.encoding" value="Cp1252"/>
    <property name="java.class.path" value="C:\Data\CMDBuild-project\cmdbuild-upstream\cmdbuild-3.4.2-src\utils\lang\target\test-classes;C:\Data\CMDBuild-project\cmdbuild-upstream\cmdbuild-3.4.2-src\utils\lang\target\classes;C:\Users\useri\.m2\repository\com\google\guava\guava\23.0\guava-23.0.jar;C:\Users\useri\.m2\repository\com\google\errorprone\error_prone_annotations\2.0.18\error_prone_annotations-2.0.18.jar;C:\Users\useri\.m2\repository\com\google\j2objc\j2objc-annotations\1.1\j2objc-annotations-1.1.jar;C:\Users\useri\.m2\repository\org\codehaus\mojo\animal-sniffer-annotations\1.14\animal-sniffer-annotations-1.14.jar;C:\Users\useri\.m2\repository\com\google\code\findbugs\jsr305\3.0.2\jsr305-3.0.2.jar;C:\Users\useri\.m2\repository\org\apache\commons\commons-lang3\3.8.1\commons-lang3-3.8.1.jar;C:\Users\useri\.m2\repository\org\apache\commons\commons-text\1.10.0\commons-text-1.10.0.jar;C:\Users\useri\.m2\repository\commons-beanutils\commons-beanutils\1.9.0\commons-beanutils-1.9.0.jar;C:\Users\useri\.m2\repository\commons-logging\commons-logging\1.1.1\commons-logging-1.1.1.jar;C:\Users\useri\.m2\repository\commons-collections\commons-collections\3.2.1\commons-collections-3.2.1.jar;C:\Users\useri\.m2\repository\commons-codec\commons-codec\1.15\commons-codec-1.15.jar;C:\Users\useri\.m2\repository\org\slf4j\slf4j-api\1.7.32\slf4j-api-1.7.32.jar;C:\Users\useri\.m2\repository\org\springframework\spring-beans\5.3.18\spring-beans-5.3.18.jar;C:\Users\useri\.m2\repository\org\springframework\spring-core\5.3.18\spring-core-5.3.18.jar;C:\Users\useri\.m2\repository\org\springframework\spring-jcl\5.3.18\spring-jcl-5.3.18.jar;C:\Users\useri\.m2\repository\joda-time\joda-time\2.9.2\joda-time-2.9.2.jar;C:\Users\useri\.m2\repository\com\google\code\gson\gson\2.9.1\gson-2.9.1.jar;C:\Data\CMDBuild-project\cmdbuild-upstream\cmdbuild-3.4.2-src\utils\json\target\classes;C:\Users\useri\.m2\repository\javax\activation\activation\1.1\activation-1.1.jar;C:\Users\useri\.m2\repository\com\fasterxml\jackson\datatype\jackson-datatype-jsr310\2.13.4\jackson-datatype-jsr310-2.13.4.jar;C:\Users\useri\.m2\repository\com\fasterxml\jackson\dataformat\jackson-dataformat-yaml\2.13.4\jackson-dataformat-yaml-2.13.4.jar;C:\Users\useri\.m2\repository\org\yaml\snakeyaml\1.31\snakeyaml-1.31.jar;C:\Users\useri\.m2\repository\com\fasterxml\jackson\core\jackson-databind\2.13.4\jackson-databind-2.13.4.jar;C:\Users\useri\.m2\repository\com\fasterxml\jackson\core\jackson-annotations\2.13.4\jackson-annotations-2.13.4.jar;C:\Users\useri\.m2\repository\com\fasterxml\jackson\core\jackson-core\2.13.4\jackson-core-2.13.4.jar;C:\Users\useri\.m2\repository\com\vladsch\flexmark\flexmark-all\0.50.40\flexmark-all-0.50.40.jar;C:\Users\useri\.m2\repository\com\vladsch\flexmark\flexmark\0.50.40\flexmark-0.50.40.jar;C:\Users\useri\.m2\repository\com\vladsch\flexmark\flexmark-ext-abbreviation\0.50.40\flexmark-ext-abbreviation-0.50.40.jar;C:\Users\useri\.m2\repository\com\vladsch\flexmark\flexmark-ext-admonition\0.50.40\flexmark-ext-admonition-0.50.40.jar;C:\Users\useri\.m2\repository\com\vladsch\flexmark\flexmark-ext-anchorlink\0.50.40\flexmark-ext-anchorlink-0.50.40.jar;C:\Users\useri\.m2\repository\com\vladsch\flexmark\flexmark-ext-aside\0.50.40\flexmark-ext-aside-0.50.40.jar;C:\Users\useri\.m2\repository\com\vladsch\flexmark\flexmark-ext-attributes\0.50.40\flexmark-ext-attributes-0.50.40.jar;C:\Users\useri\.m2\repository\com\vladsch\flexmark\flexmark-ext-autolink\0.50.40\flexmark-ext-autolink-0.50.40.jar;C:\Users\useri\.m2\repository\org\nibor\autolink\autolink\0.6.0\autolink-0.6.0.jar;C:\Users\useri\.m2\repository\com\vladsch\flexmark\flexmark-ext-definition\0.50.40\flexmark-ext-definition-0.50.40.jar;C:\Users\useri\.m2\repository\com\vladsch\flexmark\flexmark-ext-emoji\0.50.40\flexmark-ext-emoji-0.50.40.jar;C:\Users\useri\.m2\repository\com\vladsch\flexmark\flexmark-ext-enumerated-reference\0.50.40\flexmark-ext-enumerated-reference-0.50.40.jar;C:\Users\useri\.m2\repository\com\vladsch\flexmark\flexmark-ext-escaped-character\0.50.40\flexmark-ext-escaped-character-0.50.40.jar;C:\Users\useri\.m2\repository\com\vladsch\flexmark\flexmark-ext-footnotes\0.50.40\flexmark-ext-footnotes-0.50.40.jar;C:\Users\useri\.m2\repository\com\vladsch\flexmark\flexmark-ext-gfm-issues\0.50.40\flexmark-ext-gfm-issues-0.50.40.jar;C:\Users\useri\.m2\repository\com\vladsch\flexmark\flexmark-ext-gfm-strikethrough\0.50.40\flexmark-ext-gfm-strikethrough-0.50.40.jar;C:\Users\useri\.m2\repository\com\vladsch\flexmark\flexmark-ext-gfm-tables\0.50.40\flexmark-ext-gfm-tables-0.50.40.jar;C:\Users\useri\.m2\repository\com\vladsch\flexmark\flexmark-ext-gfm-tasklist\0.50.40\flexmark-ext-gfm-tasklist-0.50.40.jar;C:\Users\useri\.m2\repository\com\vladsch\flexmark\flexmark-ext-gfm-users\0.50.40\flexmark-ext-gfm-users-0.50.40.jar;C:\Users\useri\.m2\repository\com\vladsch\flexmark\flexmark-ext-gitlab\0.50.40\flexmark-ext-gitlab-0.50.40.jar;C:\Users\useri\.m2\repository\com\vladsch\flexmark\flexmark-ext-jekyll-front-matter\0.50.40\flexmark-ext-jekyll-front-matter-0.50.40.jar;C:\Users\useri\.m2\repository\com\vladsch\flexmark\flexmark-ext-jekyll-tag\0.50.40\flexmark-ext-jekyll-tag-0.50.40.jar;C:\Users\useri\.m2\repository\com\vladsch\flexmark\flexmark-ext-media-tags\0.50.40\flexmark-ext-media-tags-0.50.40.jar;C:\Users\useri\.m2\repository\com\vladsch\flexmark\flexmark-ext-macros\0.50.40\flexmark-ext-macros-0.50.40.jar;C:\Users\useri\.m2\repository\com\vladsch\flexmark\flexmark-ext-ins\0.50.40\flexmark-ext-ins-0.50.40.jar;C:\Users\useri\.m2\repository\com\vladsch\flexmark\flexmark-ext-xwiki-macros\0.50.40\flexmark-ext-xwiki-macros-0.50.40.jar;C:\Users\useri\.m2\repository\com\vladsch\flexmark\flexmark-ext-superscript\0.50.40\flexmark-ext-superscript-0.50.40.jar;C:\Users\useri\.m2\repository\com\vladsch\flexmark\flexmark-ext-tables\0.50.40\flexmark-ext-tables-0.50.40.jar;C:\Users\useri\.m2\repository\com\vladsch\flexmark\flexmark-ext-toc\0.50.40\flexmark-ext-toc-0.50.40.jar;C:\Users\useri\.m2\repository\com\vladsch\flexmark\flexmark-ext-typographic\0.50.40\flexmark-ext-typographic-0.50.40.jar;C:\Users\useri\.m2\repository\com\vladsch\flexmark\flexmark-ext-wikilink\0.50.40\flexmark-ext-wikilink-0.50.40.jar;C:\Users\useri\.m2\repository\com\vladsch\flexmark\flexmark-ext-yaml-front-matter\0.50.40\flexmark-ext-yaml-front-matter-0.50.40.jar;C:\Users\useri\.m2\repository\com\vladsch\flexmark\flexmark-ext-youtube-embedded\0.50.40\flexmark-ext-youtube-embedded-0.50.40.jar;C:\Users\useri\.m2\repository\com\vladsch\flexmark\flexmark-formatter\0.50.40\flexmark-formatter-0.50.40.jar;C:\Users\useri\.m2\repository\com\vladsch\flexmark\flexmark-html-parser\0.50.40\flexmark-html-parser-0.50.40.jar;C:\Users\useri\.m2\repository\org\jsoup\jsoup\1.11.3\jsoup-1.11.3.jar;C:\Users\useri\.m2\repository\com\vladsch\flexmark\flexmark-html2md-converter\0.50.40\flexmark-html2md-converter-0.50.40.jar;C:\Users\useri\.m2\repository\com\vladsch\flexmark\flexmark-jira-converter\0.50.40\flexmark-jira-converter-0.50.40.jar;C:\Users\useri\.m2\repository\com\vladsch\flexmark\flexmark-pdf-converter\0.50.40\flexmark-pdf-converter-0.50.40.jar;C:\Users\useri\.m2\repository\com\openhtmltopdf\openhtmltopdf-core\1.0.0\openhtmltopdf-core-1.0.0.jar;C:\Users\useri\.m2\repository\com\openhtmltopdf\openhtmltopdf-pdfbox\1.0.0\openhtmltopdf-pdfbox-1.0.0.jar;C:\Users\useri\.m2\repository\org\apache\pdfbox\pdfbox\2.0.16\pdfbox-2.0.16.jar;C:\Users\useri\.m2\repository\org\apache\pdfbox\fontbox\2.0.16\fontbox-2.0.16.jar;C:\Users\useri\.m2\repository\org\apache\pdfbox\xmpbox\2.0.16\xmpbox-2.0.16.jar;C:\Users\useri\.m2\repository\de\rototor\pdfbox\graphics2d\0.24\graphics2d-0.24.jar;C:\Users\useri\.m2\repository\com\openhtmltopdf\openhtmltopdf-rtl-support\1.0.0\openhtmltopdf-rtl-support-1.0.0.jar;C:\Users\useri\.m2\repository\com\ibm\icu\icu4j\59.1\icu4j-59.1.jar;C:\Users\useri\.m2\repository\com\openhtmltopdf\openhtmltopdf-jsoup-dom-converter\1.0.0\openhtmltopdf-jsoup-dom-converter-1.0.0.jar;C:\Users\useri\.m2\repository\com\vladsch\flexmark\flexmark-profile-pegdown\0.50.40\flexmark-profile-pegdown-0.50.40.jar;C:\Users\useri\.m2\repository\com\vladsch\flexmark\flexmark-util\0.50.40\flexmark-util-0.50.40.jar;C:\Users\useri\.m2\repository\com\vladsch\flexmark\flexmark-youtrack-converter\0.50.40\flexmark-youtrack-converter-0.50.40.jar;C:\Users\useri\.m2\repository\commons-io\commons-io\2.4\commons-io-2.4.jar;C:\Users\useri\.m2\repository\org\hamcrest\java-hamcrest\2.0.0.0\java-hamcrest-2.0.0.0.jar;C:\Users\useri\.m2\repository\junit\junit\4.12\junit-4.12.jar;C:\Users\useri\.m2\repository\org\hamcrest\hamcrest-core\1.3\hamcrest-core-1.3.jar;C:\Users\useri\.m2\repository\org\mockito\mockito-all\1.10.19\mockito-all-1.10.19.jar;C:\Users\useri\.m2\repository\net\jcip\jcip-annotations\1.0\jcip-annotations-1.0.jar;C:\Users\useri\.m2\repository\org\slf4j\slf4j-ext\1.7.32\slf4j-ext-1.7.32.jar;C:\Users\useri\.m2\repository\ch\qos\logback\logback-classic\1.2.6\logback-classic-1.2.6.jar;C:\Users\useri\.m2\repository\ch\qos\logback\logback-core\1.2.6\logback-core-1.2.6.jar;"/>
    <property name="java.vm.vendor" value="Oracle Corporation"/>
    <property name="sun.arch.data.model" value="64"/>
    <property name="cmdbuild.test.database.password" value=""/>
    <property name="cmdbuild.test.database.url" value=""/>
    <property name="user.variant" value=""/>
    <property name="java.vendor.url" value="https://java.oracle.com/"/>
    <property name="user.timezone" value="Asia/Jakarta"/>
    <property name="cmdbuild.test.webdriver" value=""/>
    <property name="java.vm.specification.version" value="17"/>
    <property name="os.name" value="Windows 11"/>
    <property name="sun.java.launcher" value="SUN_STANDARD"/>
    <property name="user.country" value="ID"/>
    <property name="sun.boot.library.path" value="C:\Program Files\Java\jdk-17\bin"/>
    <property name="sun.java.command" value="C:\Users\useri\AppData\Local\Temp\surefire114580566858716946\surefirebooter2022151947655582574.jar C:\Users\useri\AppData\Local\Temp\surefire114580566858716946 2023-09-12T15-55-18_341-jvmRun1 surefire9330175271904698839tmp surefire_17448990626584171527tmp"/>
    <property name="jdk.debug" value="release"/>
    <property name="maven.home" value="C:\Data\CMDBuild-project\cmdbuild-upstream\cmdbuild-3.4.2-src\EMBEDDED"/>
    <property name="cmdbuild.test.database.create" value=""/>
    <property name="surefire.test.class.path" value="C:\Data\CMDBuild-project\cmdbuild-upstream\cmdbuild-3.4.2-src\utils\lang\target\test-classes;C:\Data\CMDBuild-project\cmdbuild-upstream\cmdbuild-3.4.2-src\utils\lang\target\classes;C:\Users\useri\.m2\repository\com\google\guava\guava\23.0\guava-23.0.jar;C:\Users\useri\.m2\repository\com\google\errorprone\error_prone_annotations\2.0.18\error_prone_annotations-2.0.18.jar;C:\Users\useri\.m2\repository\com\google\j2objc\j2objc-annotations\1.1\j2objc-annotations-1.1.jar;C:\Users\useri\.m2\repository\org\codehaus\mojo\animal-sniffer-annotations\1.14\animal-sniffer-annotations-1.14.jar;C:\Users\useri\.m2\repository\com\google\code\findbugs\jsr305\3.0.2\jsr305-3.0.2.jar;C:\Users\useri\.m2\repository\org\apache\commons\commons-lang3\3.8.1\commons-lang3-3.8.1.jar;C:\Users\useri\.m2\repository\org\apache\commons\commons-text\1.10.0\commons-text-1.10.0.jar;C:\Users\useri\.m2\repository\commons-beanutils\commons-beanutils\1.9.0\commons-beanutils-1.9.0.jar;C:\Users\useri\.m2\repository\commons-logging\commons-logging\1.1.1\commons-logging-1.1.1.jar;C:\Users\useri\.m2\repository\commons-collections\commons-collections\3.2.1\commons-collections-3.2.1.jar;C:\Users\useri\.m2\repository\commons-codec\commons-codec\1.15\commons-codec-1.15.jar;C:\Users\useri\.m2\repository\org\slf4j\slf4j-api\1.7.32\slf4j-api-1.7.32.jar;C:\Users\useri\.m2\repository\org\springframework\spring-beans\5.3.18\spring-beans-5.3.18.jar;C:\Users\useri\.m2\repository\org\springframework\spring-core\5.3.18\spring-core-5.3.18.jar;C:\Users\useri\.m2\repository\org\springframework\spring-jcl\5.3.18\spring-jcl-5.3.18.jar;C:\Users\useri\.m2\repository\joda-time\joda-time\2.9.2\joda-time-2.9.2.jar;C:\Users\useri\.m2\repository\com\google\code\gson\gson\2.9.1\gson-2.9.1.jar;C:\Data\CMDBuild-project\cmdbuild-upstream\cmdbuild-3.4.2-src\utils\json\target\classes;C:\Users\useri\.m2\repository\javax\activation\activation\1.1\activation-1.1.jar;C:\Users\useri\.m2\repository\com\fasterxml\jackson\datatype\jackson-datatype-jsr310\2.13.4\jackson-datatype-jsr310-2.13.4.jar;C:\Users\useri\.m2\repository\com\fasterxml\jackson\dataformat\jackson-dataformat-yaml\2.13.4\jackson-dataformat-yaml-2.13.4.jar;C:\Users\useri\.m2\repository\org\yaml\snakeyaml\1.31\snakeyaml-1.31.jar;C:\Users\useri\.m2\repository\com\fasterxml\jackson\core\jackson-databind\2.13.4\jackson-databind-2.13.4.jar;C:\Users\useri\.m2\repository\com\fasterxml\jackson\core\jackson-annotations\2.13.4\jackson-annotations-2.13.4.jar;C:\Users\useri\.m2\repository\com\fasterxml\jackson\core\jackson-core\2.13.4\jackson-core-2.13.4.jar;C:\Users\useri\.m2\repository\com\vladsch\flexmark\flexmark-all\0.50.40\flexmark-all-0.50.40.jar;C:\Users\useri\.m2\repository\com\vladsch\flexmark\flexmark\0.50.40\flexmark-0.50.40.jar;C:\Users\useri\.m2\repository\com\vladsch\flexmark\flexmark-ext-abbreviation\0.50.40\flexmark-ext-abbreviation-0.50.40.jar;C:\Users\useri\.m2\repository\com\vladsch\flexmark\flexmark-ext-admonition\0.50.40\flexmark-ext-admonition-0.50.40.jar;C:\Users\useri\.m2\repository\com\vladsch\flexmark\flexmark-ext-anchorlink\0.50.40\flexmark-ext-anchorlink-0.50.40.jar;C:\Users\useri\.m2\repository\com\vladsch\flexmark\flexmark-ext-aside\0.50.40\flexmark-ext-aside-0.50.40.jar;C:\Users\useri\.m2\repository\com\vladsch\flexmark\flexmark-ext-attributes\0.50.40\flexmark-ext-attributes-0.50.40.jar;C:\Users\useri\.m2\repository\com\vladsch\flexmark\flexmark-ext-autolink\0.50.40\flexmark-ext-autolink-0.50.40.jar;C:\Users\useri\.m2\repository\org\nibor\autolink\autolink\0.6.0\autolink-0.6.0.jar;C:\Users\useri\.m2\repository\com\vladsch\flexmark\flexmark-ext-definition\0.50.40\flexmark-ext-definition-0.50.40.jar;C:\Users\useri\.m2\repository\com\vladsch\flexmark\flexmark-ext-emoji\0.50.40\flexmark-ext-emoji-0.50.40.jar;C:\Users\useri\.m2\repository\com\vladsch\flexmark\flexmark-ext-enumerated-reference\0.50.40\flexmark-ext-enumerated-reference-0.50.40.jar;C:\Users\useri\.m2\repository\com\vladsch\flexmark\flexmark-ext-escaped-character\0.50.40\flexmark-ext-escaped-character-0.50.40.jar;C:\Users\useri\.m2\repository\com\vladsch\flexmark\flexmark-ext-footnotes\0.50.40\flexmark-ext-footnotes-0.50.40.jar;C:\Users\useri\.m2\repository\com\vladsch\flexmark\flexmark-ext-gfm-issues\0.50.40\flexmark-ext-gfm-issues-0.50.40.jar;C:\Users\useri\.m2\repository\com\vladsch\flexmark\flexmark-ext-gfm-strikethrough\0.50.40\flexmark-ext-gfm-strikethrough-0.50.40.jar;C:\Users\useri\.m2\repository\com\vladsch\flexmark\flexmark-ext-gfm-tables\0.50.40\flexmark-ext-gfm-tables-0.50.40.jar;C:\Users\useri\.m2\repository\com\vladsch\flexmark\flexmark-ext-gfm-tasklist\0.50.40\flexmark-ext-gfm-tasklist-0.50.40.jar;C:\Users\useri\.m2\repository\com\vladsch\flexmark\flexmark-ext-gfm-users\0.50.40\flexmark-ext-gfm-users-0.50.40.jar;C:\Users\useri\.m2\repository\com\vladsch\flexmark\flexmark-ext-gitlab\0.50.40\flexmark-ext-gitlab-0.50.40.jar;C:\Users\useri\.m2\repository\com\vladsch\flexmark\flexmark-ext-jekyll-front-matter\0.50.40\flexmark-ext-jekyll-front-matter-0.50.40.jar;C:\Users\useri\.m2\repository\com\vladsch\flexmark\flexmark-ext-jekyll-tag\0.50.40\flexmark-ext-jekyll-tag-0.50.40.jar;C:\Users\useri\.m2\repository\com\vladsch\flexmark\flexmark-ext-media-tags\0.50.40\flexmark-ext-media-tags-0.50.40.jar;C:\Users\useri\.m2\repository\com\vladsch\flexmark\flexmark-ext-macros\0.50.40\flexmark-ext-macros-0.50.40.jar;C:\Users\useri\.m2\repository\com\vladsch\flexmark\flexmark-ext-ins\0.50.40\flexmark-ext-ins-0.50.40.jar;C:\Users\useri\.m2\repository\com\vladsch\flexmark\flexmark-ext-xwiki-macros\0.50.40\flexmark-ext-xwiki-macros-0.50.40.jar;C:\Users\useri\.m2\repository\com\vladsch\flexmark\flexmark-ext-superscript\0.50.40\flexmark-ext-superscript-0.50.40.jar;C:\Users\useri\.m2\repository\com\vladsch\flexmark\flexmark-ext-tables\0.50.40\flexmark-ext-tables-0.50.40.jar;C:\Users\useri\.m2\repository\com\vladsch\flexmark\flexmark-ext-toc\0.50.40\flexmark-ext-toc-0.50.40.jar;C:\Users\useri\.m2\repository\com\vladsch\flexmark\flexmark-ext-typographic\0.50.40\flexmark-ext-typographic-0.50.40.jar;C:\Users\useri\.m2\repository\com\vladsch\flexmark\flexmark-ext-wikilink\0.50.40\flexmark-ext-wikilink-0.50.40.jar;C:\Users\useri\.m2\repository\com\vladsch\flexmark\flexmark-ext-yaml-front-matter\0.50.40\flexmark-ext-yaml-front-matter-0.50.40.jar;C:\Users\useri\.m2\repository\com\vladsch\flexmark\flexmark-ext-youtube-embedded\0.50.40\flexmark-ext-youtube-embedded-0.50.40.jar;C:\Users\useri\.m2\repository\com\vladsch\flexmark\flexmark-formatter\0.50.40\flexmark-formatter-0.50.40.jar;C:\Users\useri\.m2\repository\com\vladsch\flexmark\flexmark-html-parser\0.50.40\flexmark-html-parser-0.50.40.jar;C:\Users\useri\.m2\repository\org\jsoup\jsoup\1.11.3\jsoup-1.11.3.jar;C:\Users\useri\.m2\repository\com\vladsch\flexmark\flexmark-html2md-converter\0.50.40\flexmark-html2md-converter-0.50.40.jar;C:\Users\useri\.m2\repository\com\vladsch\flexmark\flexmark-jira-converter\0.50.40\flexmark-jira-converter-0.50.40.jar;C:\Users\useri\.m2\repository\com\vladsch\flexmark\flexmark-pdf-converter\0.50.40\flexmark-pdf-converter-0.50.40.jar;C:\Users\useri\.m2\repository\com\openhtmltopdf\openhtmltopdf-core\1.0.0\openhtmltopdf-core-1.0.0.jar;C:\Users\useri\.m2\repository\com\openhtmltopdf\openhtmltopdf-pdfbox\1.0.0\openhtmltopdf-pdfbox-1.0.0.jar;C:\Users\useri\.m2\repository\org\apache\pdfbox\pdfbox\2.0.16\pdfbox-2.0.16.jar;C:\Users\useri\.m2\repository\org\apache\pdfbox\fontbox\2.0.16\fontbox-2.0.16.jar;C:\Users\useri\.m2\repository\org\apache\pdfbox\xmpbox\2.0.16\xmpbox-2.0.16.jar;C:\Users\useri\.m2\repository\de\rototor\pdfbox\graphics2d\0.24\graphics2d-0.24.jar;C:\Users\useri\.m2\repository\com\openhtmltopdf\openhtmltopdf-rtl-support\1.0.0\openhtmltopdf-rtl-support-1.0.0.jar;C:\Users\useri\.m2\repository\com\ibm\icu\icu4j\59.1\icu4j-59.1.jar;C:\Users\useri\.m2\repository\com\openhtmltopdf\openhtmltopdf-jsoup-dom-converter\1.0.0\openhtmltopdf-jsoup-dom-converter-1.0.0.jar;C:\Users\useri\.m2\repository\com\vladsch\flexmark\flexmark-profile-pegdown\0.50.40\flexmark-profile-pegdown-0.50.40.jar;C:\Users\useri\.m2\repository\com\vladsch\flexmark\flexmark-util\0.50.40\flexmark-util-0.50.40.jar;C:\Users\useri\.m2\repository\com\vladsch\flexmark\flexmark-youtrack-converter\0.50.40\flexmark-youtrack-converter-0.50.40.jar;C:\Users\useri\.m2\repository\commons-io\commons-io\2.4\commons-io-2.4.jar;C:\Users\useri\.m2\repository\org\hamcrest\java-hamcrest\2.0.0.0\java-hamcrest-2.0.0.0.jar;C:\Users\useri\.m2\repository\junit\junit\4.12\junit-4.12.jar;C:\Users\useri\.m2\repository\org\hamcrest\hamcrest-core\1.3\hamcrest-core-1.3.jar;C:\Users\useri\.m2\repository\org\mockito\mockito-all\1.10.19\mockito-all-1.10.19.jar;C:\Users\useri\.m2\repository\net\jcip\jcip-annotations\1.0\jcip-annotations-1.0.jar;C:\Users\useri\.m2\repository\org\slf4j\slf4j-ext\1.7.32\slf4j-ext-1.7.32.jar;C:\Users\useri\.m2\repository\ch\qos\logback\logback-classic\1.2.6\logback-classic-1.2.6.jar;C:\Users\useri\.m2\repository\ch\qos\logback\logback-core\1.2.6\logback-core-1.2.6.jar;"/>
    <property name="sun.cpu.endian" value="little"/>
    <property name="user.home" value="C:\Users\useri"/>
    <property name="user.language" value="en"/>
    <property name="java.specification.vendor" value="Oracle Corporation"/>
    <property name="java.version.date" value="2023-07-18"/>
    <property name="project.version" value="3.4.2-DEV-SNAPSHOT"/>
    <property name="java.home" value="C:\Program Files\Java\jdk-17"/>
    <property name="file.separator" value="\"/>
    <property name="style.color" value="always"/>
    <property name="basedir" value="C:\Data\CMDBuild-project\cmdbuild-upstream\cmdbuild-3.4.2-src\utils\lang"/>
    <property name="java.vm.compressedOopsMode" value="Zero based"/>
    <property name="line.separator" value="&#10;"/>
    <property name="java.vm.specification.vendor" value="Oracle Corporation"/>
    <property name="java.specification.name" value="Java Platform API Specification"/>
    <property name="cmdbuild.test.my.hostname" value=""/>
    <property name="surefire.real.class.path" value="C:\Users\useri\AppData\Local\Temp\surefire114580566858716946\surefirebooter2022151947655582574.jar"/>
    <property name="user.script" value=""/>
    <property name="sun.management.compiler" value="HotSpot 64-Bit Tiered Compilers"/>
    <property name="cmdbuild.test.delay" value=""/>
    <property name="java.runtime.version" value="17.0.8+9-LTS-211"/>
    <property name="user.name" value="useri"/>
    <property name="path.separator" value=";"/>
    <property name="os.version" value="10.0"/>
    <property name="java.runtime.name" value="Java(TM) SE Runtime Environment"/>
    <property name="file.encoding" value="Cp1252"/>
    <property name="cmdbuild.test.interactive" value=""/>
    <property name="java.vm.name" value="Java HotSpot(TM) 64-Bit Server VM"/>
    <property name="localRepository" value="C:\Users\useri\.m2\repository"/>
    <property name="java.vendor.url.bug" value="https://bugreport.java.com/bugreport/"/>
    <property name="java.io.tmpdir" value="C:\Users\useri\AppData\Local\Temp\"/>
    <property name="java.version" value="17.0.8"/>
    <property name="cmdbuild.test.database.username" value=""/>
    <property name="user.dir" value="C:\Data\CMDBuild-project\cmdbuild-upstream\cmdbuild-3.4.2-src\utils\lang"/>
    <property name="cmdbuild.test.base.url" value=""/>
    <property name="os.arch" value="amd64"/>
    <property name="java.vm.specification.name" value="Java Virtual Machine Specification"/>
    <property name="cmdbuild.test.database.admin.username" value=""/>
    <property name="sun.os.patch.level" value=""/>
    <property name="native.encoding" value="Cp1252"/>
    <property name="java.library.path" value="C:\Program Files\Java\jdk-17\bin;C:\windows\Sun\Java\bin;C:\windows\system32;C:\windows;C:\Program Files\Common Files\Oracle\Java\javapath;C:\windows\system32;C:\windows;C:\windows\System32\Wbem;C:\windows\System32\WindowsPowerShell\v1.0\;C:\windows\System32\OpenSSH\;C:\Program Files (x86)\NVIDIA Corporation\PhysX\Common;C:\Program Files\NVIDIA Corporation\NVIDIA NvDLISR;C:\Program Files\dotnet\;C:\Program Files\Docker\Docker\resources\bin;C:\Program Files\Git\cmd;C:\Users\useri\AppData\Local\Microsoft\WindowsApps;C:\Users\useri\AppData\Local\Programs\Microsoft VS Code\bin;C:\Users\useri\apache-maven-3.9.4\bin;;."/>
    <property name="java.vm.info" value="mixed mode, sharing"/>
    <property name="java.vendor" value="Oracle Corporation"/>
    <property name="java.vm.version" value="17.0.8+9-LTS-211"/>
    <property name="sun.io.unicode.encoding" value="UnicodeLittle"/>
    <property name="java.class.version" value="61.0"/>
  </properties>
  <testcase name="testKeyUtils" classname="org.cmdbuild.utils.lang.CmKeyUtilsTest" time="0.002"/>
</testsuite>