<?xml version="1.0" encoding="UTF-8"?>
<testsuite xmlns:xsi="http://www.w3.org/2001/XMLSchema-instance" xsi:noNamespaceSchemaLocation="https://maven.apache.org/surefire/maven-surefire-plugin/xsd/surefire-test-report.xsd" name="org.cmdbuild.utils.json.test.JsonProcessingTest" time="0.089" tests="4" errors="0" skipped="0" failures="0">
  <properties>
    <property name="cmdbuild.test.database.admin.password" value=""/>
    <property name="java.specification.version" value="17"/>
    <property name="sun.cpu.isalist" value="amd64"/>
    <property name="sun.jnu.encoding" value="Cp1252"/>
    <property name="java.class.path" value="C:\Data\CMDBuild-project\cmdbuild-upstream\cmdbuild-3.4.2-src\utils\json\target\test-classes;C:\Data\CMDBuild-project\cmdbuild-upstream\cmdbuild-3.4.2-src\utils\json\target\classes;C:\Users\useri\.m2\repository\javax\activation\activation\1.1\activation-1.1.jar;C:\Users\useri\.m2\repository\com\google\guava\guava\23.0\guava-23.0.jar;C:\Users\useri\.m2\repository\com\google\errorprone\error_prone_annotations\2.0.18\error_prone_annotations-2.0.18.jar;C:\Users\useri\.m2\repository\com\google\j2objc\j2objc-annotations\1.1\j2objc-annotations-1.1.jar;C:\Users\useri\.m2\repository\org\codehaus\mojo\animal-sniffer-annotations\1.14\animal-sniffer-annotations-1.14.jar;C:\Users\useri\.m2\repository\com\google\code\findbugs\jsr305\3.0.2\jsr305-3.0.2.jar;C:\Users\useri\.m2\repository\org\apache\commons\commons-lang3\3.8.1\commons-lang3-3.8.1.jar;C:\Users\useri\.m2\repository\org\slf4j\slf4j-api\1.7.32\slf4j-api-1.7.32.jar;C:\Users\useri\.m2\repository\org\springframework\spring-beans\5.3.18\spring-beans-5.3.18.jar;C:\Users\useri\.m2\repository\org\springframework\spring-core\5.3.18\spring-core-5.3.18.jar;C:\Users\useri\.m2\repository\org\springframework\spring-jcl\5.3.18\spring-jcl-5.3.18.jar;C:\Users\useri\.m2\repository\com\google\code\gson\gson\2.9.1\gson-2.9.1.jar;C:\Users\useri\.m2\repository\com\fasterxml\jackson\core\jackson-databind\2.13.4\jackson-databind-2.13.4.jar;C:\Users\useri\.m2\repository\com\fasterxml\jackson\core\jackson-annotations\2.13.4\jackson-annotations-2.13.4.jar;C:\Users\useri\.m2\repository\com\fasterxml\jackson\core\jackson-core\2.13.4\jackson-core-2.13.4.jar;C:\Users\useri\.m2\repository\com\fasterxml\jackson\datatype\jackson-datatype-jsr310\2.13.4\jackson-datatype-jsr310-2.13.4.jar;C:\Users\useri\.m2\repository\com\fasterxml\jackson\dataformat\jackson-dataformat-yaml\2.13.4\jackson-dataformat-yaml-2.13.4.jar;C:\Users\useri\.m2\repository\org\yaml\snakeyaml\1.31\snakeyaml-1.31.jar;C:\Users\useri\.m2\repository\org\hjson\hjson\3.0.0\hjson-3.0.0.jar;C:\Users\useri\.m2\repository\net\javacrumbs\json-unit\json-unit\2.38.0\json-unit-2.38.0.jar;C:\Users\useri\.m2\repository\net\javacrumbs\json-unit\json-unit-core\2.38.0\json-unit-core-2.38.0.jar;C:\Users\useri\.m2\repository\org\hamcrest\java-hamcrest\2.0.0.0\java-hamcrest-2.0.0.0.jar;C:\Users\useri\.m2\repository\junit\junit\4.12\junit-4.12.jar;C:\Users\useri\.m2\repository\org\hamcrest\hamcrest-core\1.3\hamcrest-core-1.3.jar;C:\Users\useri\.m2\repository\org\mockito\mockito-all\1.10.19\mockito-all-1.10.19.jar;C:\Users\useri\.m2\repository\net\jcip\jcip-annotations\1.0\jcip-annotations-1.0.jar;C:\Users\useri\.m2\repository\org\slf4j\slf4j-ext\1.7.32\slf4j-ext-1.7.32.jar;C:\Users\useri\.m2\repository\ch\qos\logback\logback-classic\1.2.6\logback-classic-1.2.6.jar;C:\Users\useri\.m2\repository\ch\qos\logback\logback-core\1.2.6\logback-core-1.2.6.jar;"/>
    <property name="java.vm.vendor" value="Oracle Corporation"/>
    <property name="sun.arch.data.model" value="64"/>
    <property name="cmdbuild.test.database.password" value=""/>
    <property name="cmdbuild.test.database.url" value=""/>
    <property name="user.variant" value=""/>
    <property name="java.vendor.url" value="https://java.oracle.com/"/>
    <property name="user.timezone" value="Asia/Jakarta"/>
    <property name="cmdbuild.test.webdriver" value=""/>
    <property name="java.vm.specification.version" value="17"/>
    <property name="os.name" value="Windows 11"/>
    <property name="sun.java.launcher" value="SUN_STANDARD"/>
    <property name="user.country" value="ID"/>
    <property name="sun.boot.library.path" value="C:\Program Files\Java\jdk-17\bin"/>
    <property name="sun.java.command" value="C:\Users\useri\AppData\Local\Temp\surefire13819389655286654365\surefirebooter17523753050365160273.jar C:\Users\useri\AppData\Local\Temp\surefire13819389655286654365 2023-09-12T15-55-18_341-jvmRun1 surefire1792936032549838678tmp surefire_08927652901409346136tmp"/>
    <property name="jdk.debug" value="release"/>
    <property name="maven.home" value="C:\Data\CMDBuild-project\cmdbuild-upstream\cmdbuild-3.4.2-src\EMBEDDED"/>
    <property name="cmdbuild.test.database.create" value=""/>
    <property name="surefire.test.class.path" value="C:\Data\CMDBuild-project\cmdbuild-upstream\cmdbuild-3.4.2-src\utils\json\target\test-classes;C:\Data\CMDBuild-project\cmdbuild-upstream\cmdbuild-3.4.2-src\utils\json\target\classes;C:\Users\useri\.m2\repository\javax\activation\activation\1.1\activation-1.1.jar;C:\Users\useri\.m2\repository\com\google\guava\guava\23.0\guava-23.0.jar;C:\Users\useri\.m2\repository\com\google\errorprone\error_prone_annotations\2.0.18\error_prone_annotations-2.0.18.jar;C:\Users\useri\.m2\repository\com\google\j2objc\j2objc-annotations\1.1\j2objc-annotations-1.1.jar;C:\Users\useri\.m2\repository\org\codehaus\mojo\animal-sniffer-annotations\1.14\animal-sniffer-annotations-1.14.jar;C:\Users\useri\.m2\repository\com\google\code\findbugs\jsr305\3.0.2\jsr305-3.0.2.jar;C:\Users\useri\.m2\repository\org\apache\commons\commons-lang3\3.8.1\commons-lang3-3.8.1.jar;C:\Users\useri\.m2\repository\org\slf4j\slf4j-api\1.7.32\slf4j-api-1.7.32.jar;C:\Users\useri\.m2\repository\org\springframework\spring-beans\5.3.18\spring-beans-5.3.18.jar;C:\Users\useri\.m2\repository\org\springframework\spring-core\5.3.18\spring-core-5.3.18.jar;C:\Users\useri\.m2\repository\org\springframework\spring-jcl\5.3.18\spring-jcl-5.3.18.jar;C:\Users\useri\.m2\repository\com\google\code\gson\gson\2.9.1\gson-2.9.1.jar;C:\Users\useri\.m2\repository\com\fasterxml\jackson\core\jackson-databind\2.13.4\jackson-databind-2.13.4.jar;C:\Users\useri\.m2\repository\com\fasterxml\jackson\core\jackson-annotations\2.13.4\jackson-annotations-2.13.4.jar;C:\Users\useri\.m2\repository\com\fasterxml\jackson\core\jackson-core\2.13.4\jackson-core-2.13.4.jar;C:\Users\useri\.m2\repository\com\fasterxml\jackson\datatype\jackson-datatype-jsr310\2.13.4\jackson-datatype-jsr310-2.13.4.jar;C:\Users\useri\.m2\repository\com\fasterxml\jackson\dataformat\jackson-dataformat-yaml\2.13.4\jackson-dataformat-yaml-2.13.4.jar;C:\Users\useri\.m2\repository\org\yaml\snakeyaml\1.31\snakeyaml-1.31.jar;C:\Users\useri\.m2\repository\org\hjson\hjson\3.0.0\hjson-3.0.0.jar;C:\Users\useri\.m2\repository\net\javacrumbs\json-unit\json-unit\2.38.0\json-unit-2.38.0.jar;C:\Users\useri\.m2\repository\net\javacrumbs\json-unit\json-unit-core\2.38.0\json-unit-core-2.38.0.jar;C:\Users\useri\.m2\repository\org\hamcrest\java-hamcrest\2.0.0.0\java-hamcrest-2.0.0.0.jar;C:\Users\useri\.m2\repository\junit\junit\4.12\junit-4.12.jar;C:\Users\useri\.m2\repository\org\hamcrest\hamcrest-core\1.3\hamcrest-core-1.3.jar;C:\Users\useri\.m2\repository\org\mockito\mockito-all\1.10.19\mockito-all-1.10.19.jar;C:\Users\useri\.m2\repository\net\jcip\jcip-annotations\1.0\jcip-annotations-1.0.jar;C:\Users\useri\.m2\repository\org\slf4j\slf4j-ext\1.7.32\slf4j-ext-1.7.32.jar;C:\Users\useri\.m2\repository\ch\qos\logback\logback-classic\1.2.6\logback-classic-1.2.6.jar;C:\Users\useri\.m2\repository\ch\qos\logback\logback-core\1.2.6\logback-core-1.2.6.jar;"/>
    <property name="sun.cpu.endian" value="little"/>
    <property name="user.home" value="C:\Users\useri"/>
    <property name="user.language" value="en"/>
    <property name="java.specification.vendor" value="Oracle Corporation"/>
    <property name="java.version.date" value="2023-07-18"/>
    <property name="project.version" value="3.4.2-DEV-SNAPSHOT"/>
    <property name="java.home" value="C:\Program Files\Java\jdk-17"/>
    <property name="file.separator" value="\"/>
    <property name="style.color" value="always"/>
    <property name="basedir" value="C:\Data\CMDBuild-project\cmdbuild-upstream\cmdbuild-3.4.2-src\utils\json"/>
    <property name="java.vm.compressedOopsMode" value="Zero based"/>
    <property name="line.separator" value="&#10;"/>
    <property name="java.vm.specification.vendor" value="Oracle Corporation"/>
    <property name="java.specification.name" value="Java Platform API Specification"/>
    <property name="cmdbuild.test.my.hostname" value=""/>
    <property name="surefire.real.class.path" value="C:\Users\useri\AppData\Local\Temp\surefire13819389655286654365\surefirebooter17523753050365160273.jar"/>
    <property name="user.script" value=""/>
    <property name="sun.management.compiler" value="HotSpot 64-Bit Tiered Compilers"/>
    <property name="cmdbuild.test.delay" value=""/>
    <property name="java.runtime.version" value="17.0.8+9-LTS-211"/>
    <property name="user.name" value="useri"/>
    <property name="path.separator" value=";"/>
    <property name="os.version" value="10.0"/>
    <property name="java.runtime.name" value="Java(TM) SE Runtime Environment"/>
    <property name="file.encoding" value="Cp1252"/>
    <property name="cmdbuild.test.interactive" value=""/>
    <property name="java.vm.name" value="Java HotSpot(TM) 64-Bit Server VM"/>
    <property name="localRepository" value="C:\Users\useri\.m2\repository"/>
    <property name="java.vendor.url.bug" value="https://bugreport.java.com/bugreport/"/>
    <property name="java.io.tmpdir" value="C:\Users\useri\AppData\Local\Temp\"/>
    <property name="java.version" value="17.0.8"/>
    <property name="cmdbuild.test.database.username" value=""/>
    <property name="user.dir" value="C:\Data\CMDBuild-project\cmdbuild-upstream\cmdbuild-3.4.2-src\utils\json"/>
    <property name="cmdbuild.test.base.url" value=""/>
    <property name="os.arch" value="amd64"/>
    <property name="java.vm.specification.name" value="Java Virtual Machine Specification"/>
    <property name="cmdbuild.test.database.admin.username" value=""/>
    <property name="sun.os.patch.level" value=""/>
    <property name="native.encoding" value="Cp1252"/>
    <property name="java.library.path" value="C:\Program Files\Java\jdk-17\bin;C:\windows\Sun\Java\bin;C:\windows\system32;C:\windows;C:\Program Files\Common Files\Oracle\Java\javapath;C:\windows\system32;C:\windows;C:\windows\System32\Wbem;C:\windows\System32\WindowsPowerShell\v1.0\;C:\windows\System32\OpenSSH\;C:\Program Files (x86)\NVIDIA Corporation\PhysX\Common;C:\Program Files\NVIDIA Corporation\NVIDIA NvDLISR;C:\Program Files\dotnet\;C:\Program Files\Docker\Docker\resources\bin;C:\Program Files\Git\cmd;C:\Users\useri\AppData\Local\Microsoft\WindowsApps;C:\Users\useri\AppData\Local\Programs\Microsoft VS Code\bin;C:\Users\useri\apache-maven-3.9.4\bin;;."/>
    <property name="java.vm.info" value="mixed mode, sharing"/>
    <property name="java.vendor" value="Oracle Corporation"/>
    <property name="java.vm.version" value="17.0.8+9-LTS-211"/>
    <property name="sun.io.unicode.encoding" value="UnicodeLittle"/>
    <property name="java.class.version" value="61.0"/>
  </properties>
  <testcase name="testCustomEnumSerialization" classname="org.cmdbuild.utils.json.test.JsonProcessingTest" time="0.039"/>
  <testcase name="testPrettyPrintLazy1" classname="org.cmdbuild.utils.json.test.JsonProcessingTest" time="0.05"/>
  <testcase name="testPrettyPrintLazy2" classname="org.cmdbuild.utils.json.test.JsonProcessingTest" time="0"/>
  <testcase name="testPrettyPrintLazy3" classname="org.cmdbuild.utils.json.test.JsonProcessingTest" time="0"/>
</testsuite>